<?xml version="1.0" encoding="UTF-8"?>
<!-- Generated by org.testng.reporters.JUnitReportReporter -->
<testsuite hostname="DESKTOP-H5CHME6" failures="0" tests="1" name="com.roc.testcases.GetParticularUser" time="5.762" errors="0" timestamp="2023-12-03T05:10:23 IST" skipped="0">
  <testcase classname="com.roc.testcases.GetParticularUser" name="test03_GetParticularUser" time="5.762"/>
  <system-out/>
</testsuite> <!-- com.roc.testcases.GetParticularUser -->
