<?xml version="1.0" encoding="UTF-8"?>
<!-- Generated by org.testng.reporters.JUnitReportReporter -->
<testsuite hostname="DESKTOP-H5CHME6" failures="0" tests="1" name="com.roc.testcases.GetUsers" time="5.831" errors="0" timestamp="2023-12-03T05:09:56 IST" skipped="0">
  <testcase classname="com.roc.testcases.GetUsers" name="test01_getalluser" time="5.831"/>
  <system-out/>
</testsuite> <!-- com.roc.testcases.GetUsers -->
